  Actor.cpp
  Animation.cpp
  AudioComponent.cpp
  BallActor.cpp
  BallMove.cpp
  BoneTransform.cpp
  BoxComponent.cpp
  CameraComponent.cpp
  DialogBox.cpp
  FollowActor.cpp
  FollowCamera.cpp
  Font.cpp
  Game.cpp
  HUD.cpp
E:\dev\GIT REPOS\SDL-OpenGL-Animation\HUD.cpp(109,40): error C2027: use of undefined type 'FollowActor'
E:\dev\GIT REPOS\SDL-OpenGL-Animation\Game.h(37): message : see declaration of 'FollowActor'
E:\dev\GIT REPOS\SDL-OpenGL-Animation\HUD.cpp(112,44): error C2027: use of undefined type 'FollowActor'
E:\dev\GIT REPOS\SDL-OpenGL-Animation\Game.h(37): message : see declaration of 'FollowActor'
E:\dev\GIT REPOS\SDL-OpenGL-Animation\HUD.cpp(123,37): error C2027: use of undefined type 'Actor'
E:\dev\GIT REPOS\SDL-OpenGL-Animation\Game.h(25): message : see declaration of 'Actor'
  Main.cpp
  MeshComponent.cpp
E:\dev\GIT REPOS\SDL-OpenGL-Animation\MeshComponent.cpp(19,2): error C2511: 'MeshComponent::MeshComponent(Actor *)': overloaded member function not found in 'MeshComponent'
E:\dev\GIT REPOS\SDL-OpenGL-Animation\MeshComponent.h(13): message : see declaration of 'MeshComponent'
E:\dev\GIT REPOS\SDL-OpenGL-Animation\MeshComponent.cpp(23,1): error C2550: 'MeshComponent::{ctor}': constructor initializer lists are only allowed on constructor definitions
E:\dev\GIT REPOS\SDL-OpenGL-Animation\MeshComponent.cpp(24,48): error C2671: 'MeshComponent::{ctor}': static member functions do not have 'this' pointers
  MoveComponent.cpp
  PauseMenu.cpp
  PlaneActor.cpp
  Renderer.cpp
  Generating Code...
  Compiling...
  SkeletalMeshComponent.cpp
  Skeleton.cpp
  SpriteComponent.cpp
  TargetActor.cpp
  TargetComponent.cpp
  UIScreen.cpp
  VertexArray.cpp
  Generating Code...
